#
# A fatal error has been detected by the Java Runtime Environment:
#
#  EXCEPTION_ACCESS_VIOLATION (0xc0000005) at pc=0x00007ffab77e7d03, pid=8768, tid=9812
#
# JRE version: OpenJDK Runtime Environment Temurin-17.0.7+7 (17.0.7+7) (build 17.0.7+7)
# Java VM: OpenJDK 64-Bit Server VM Temurin-17.0.7+7 (17.0.7+7, mixed mode, tiered, compressed oops, compressed class ptrs, parallel gc, windows-amd64)
# Problematic frame:
# V  [jvm.dll+0x6a7d03]
#
# No core dump will be written. Minidumps are not enabled by default on client versions of Windows
#
# If you would like to submit a bug report, please visit:
#   https://github.com/adoptium/adoptium-support/issues
#

---------------  S U M M A R Y ------------

Command Line: --add-modules=ALL-SYSTEM --add-opens=java.base/java.util=ALL-UNNAMED --add-opens=java.base/java.lang=ALL-UNNAMED --add-opens=java.base/sun.nio.fs=ALL-UNNAMED -Declipse.application=org.eclipse.jdt.ls.core.id1 -Dosgi.bundles.defaultStartLevel=4 -Declipse.product=org.eclipse.jdt.ls.core.product -Djava.import.generatesMetadataFilesAtProjectRoot=false -Dfile.encoding=utf8 -XX:+UseParallelGC -XX:GCTimeRatio=4 -XX:AdaptiveSizePolicyWeight=90 -Dsun.zip.disableMemoryMapping=true -Xmx1G -Xms100m -Xlog:disable -javaagent:c:\Users\Desktop\.vscode\extensions\redhat.java-1.19.0-win32-x64\lombok\lombok-1.18.28.jar -XX:+HeapDumpOnOutOfMemoryError -XX:HeapDumpPath=c:\Users\Desktop\AppData\Roaming\Code\User\workspaceStorage\53ebef2fa0152f07d1bf1a96d2da0fa1\redhat.java -Daether.dependencyCollector.impl=bf c:\Users\Desktop\.vscode\extensions\redhat.java-1.19.0-win32-x64\server\plugins\org.eclipse.equinox.launcher_1.6.400.v20210924-0641.jar -configuration c:\Users\Desktop\AppData\Roaming\Code\User\globalStorage\redhat.java\1.19.0\config_win -data c:\Users\Desktop\AppData\Roaming\Code\User\workspaceStorage\53ebef2fa0152f07d1bf1a96d2da0fa1\redhat.java\jdt_ws

Host: Intel(R) Core(TM) i5-3470 CPU @ 3.20GHz, 4 cores, 15G,  Windows 10 , 64 bit Build 19041 (10.0.19041.2913)
Time: Fri Jun  9 11:34:06 2023 Hora oficial do Brasil elapsed time: 29.399313 seconds (0d 0h 0m 29s)

---------------  T H R E A D  ---------------

Current thread (0x000002404f9a56f0):  GCTaskThread "GC Thread#1" [stack: 0x0000008216900000,0x0000008216a00000] [id=9812]

Stack: [0x0000008216900000,0x0000008216a00000],  sp=0x00000082169ff830,  free space=1022k
Native frames: (J=compiled Java code, j=interpreted, Vv=VM code, C=native code)
V  [jvm.dll+0x6a7d03]
V  [jvm.dll+0x6b80b3]
V  [jvm.dll+0x860ffb]
V  [jvm.dll+0x861046]
V  [jvm.dll+0x7e4e7a]
V  [jvm.dll+0x676395]
C  [ucrtbase.dll+0x21bb2]
C  [KERNEL32.DLL+0x17614]
C  [ntdll.dll+0x526a1]


siginfo: EXCEPTION_ACCESS_VIOLATION (0xc0000005), reading address 0x000000000001e628


Register to memory mapping:

RIP=0x00007ffab77e7d03 jvm.dll
RAX=0x000000000001e620 is an unknown value
RBX=0x000002404a10a780 points into unknown readable memory: 0x00007ffab7af0578 | 78 05 af b7 fa 7f 00 00
RCX=0x0000000000000003 is an unknown value
RDX=0x0000000000003cc4 is an unknown value
RSP=0x00000082169ff830 points into unknown readable memory: 0x000002404a10a780 | 80 a7 10 4a 40 02 00 00
RBP=0x000000000000000c is an unknown value
RSI=0x00007ffab7aef770 jvm.dll
RDI=0x00000000c25f0010 is an oop: [J 
{0x00000000c25f0010} - klass: {type array long}
 - length: 8
R8 =0x000000010069c000 is a pointer to class: 
org.eclipse.jdt.internal.compiler.classfmt.MethodInfoWithTypeAnnotations {0x000000010069c008}
 - instance size:     11
 - klass size:        116
 - access:            synchronized 
 - state:             fully_initialized
 - name:              'org/eclipse/jdt/internal/compiler/classfmt/MethodInfoWithTypeAnnotations'
 - super:             'org/eclipse/jdt/internal/compiler/classfmt/MethodInfoWithParameterAnnotations'
 - sub:               
 - arrays:            NULL
 - methods:           Array<T>(0x000002404e267728)
 - method ordering:   Array<T>(0x000002404b000018)
 - default_methods:   Array<T>(0x0000000000000000)
 - local interfaces:  Array<T>(0x000002404b000058)
 - trans. interfaces: Array<T>(0x000002404e2674a0)
 - constants:         constant pool [44] {0x000002404e267550} for 'org/eclipse/jdt/internal/compiler/classfmt/MethodInfoWithTypeAnnotations' cache=0x000002404ebbd138
 - class loader data:  loader data: 0x0000024050309050 for instance a 'org/eclipse/osgi/internal/loader/EquinoxClassLoader'{0x00000000c08aa858}
 - source file:       'MethodInfoWithTypeAnnotations.java'
 - class annotations:       Array<T>(0x0000000000000000)
 - class type annotations:  Array<T>(0x0000000000000000)
 - field annotations:       Array<T>(0x0000000000000000)
 - field type annotations:  Array<T>(0x0000000000000000)
 - inner classes:     Array<T>(0x000002404b000028)
 - nest members:     Array<T>(0x000002404b000028)
 - permitted subclasses:     Array<T>(0x000002404b000028)
 - java mirror:       a 'java/lang/Class'{0x00000000c273cea0} = 'org/eclipse/jdt/internal/compiler/classfmt/MethodInfoWithTypeAnnotations'
 - vtable length      34  (start addr: 0x000000010069c1c8)
 - itable length      23 (start addr: 0x000000010069c2d8)
 - ---- static fields (0 words):
 - ---- non-static fields (18 words):
 - 'structOffset' 'I' @12 
 - 'reference' '[B' @16 
 - 'constantPoolOffsets' '[I' @20 
 - protected 'tagBits' 'J' @24 
 - protected 'version' 'J' @32 
 - protected 'accessFlags' 'I' @40 
 - protected 'attributeBytes' 'I' @44 
 - protected 'signatureUtf8Offset' 'I' @48 
 - protected 'descriptor' '[C' @52 
 - protected volatile 'exceptionNames' '[[C' @56 
 - protected 'name' '[C' @60 
 - protected 'signature' '[C' @64 
 - protected volatile 'argumentNames' '[[C' @68 
 - protected 'annotations' '[Lorg/eclipse/jdt/internal/compiler/classfmt/AnnotationInfo;' @72 
 - private 'parameterAnnotations' '[[Lorg/eclipse/jdt/internal/compiler/classfmt/AnnotationInfo;' @76 
 - private 'typeAnnotations' '[Lorg/eclipse/jdt/internal/compiler/classfmt/TypeAnnotationInfo;' @80 
 - non-static oop maps: 16-20 52-80 
R9 =0x000000000000000b is an unknown value
R10=0x0000000000000001 is an unknown value
R11=0x0000024035ce2f01 points into unknown readable memory: ff ff ff ff ff ff ff
R12=0x00000000c25f0010 is an oop: [J 
{0x00000000c25f0010} - klass: {type array long}
 - length: 8
R13=0x0000024035ce2f00 points into unknown readable memory: 0xffffffffffffff00 | 00 ff ff ff ff ff ff ff
R14=0x0 is NULL
R15=
[error occurred during error reporting (printing register info), id 0xc0000005, EXCEPTION_ACCESS_VIOLATION (0xc0000005) at pc=0x00007ffab77c3b66]

Registers:
RAX=0x000000000001e620, RBX=0x000002404a10a780, RCX=0x0000000000000003, RDX=0x0000000000003cc4
RSP=0x00000082169ff830, RBP=0x000000000000000c, RSI=0x00007ffab7aef770, RDI=0x00000000c25f0010
R8 =0x000000010069c000, R9 =0x000000000000000b, R10=0x0000000000000001, R11=0x0000024035ce2f01
R12=0x00000000c25f0010, R13=0x0000024035ce2f00, R14=0x0000000000000000, R15=0x00000000c25e1920
RIP=0x00007ffab77e7d03, EFLAGS=0x0000000000010202

Top of Stack: (sp=0x00000082169ff830)
0x00000082169ff830:   000002404a10a780 00000000c25f0010
0x00000082169ff840:   000000000000000c 00007ffab7aef770
0x00000082169ff850:   0000024035ce2f81 00000000c25f0010
0x00000082169ff860:   0000024035ce2f00 0000024035ce2e00
0x00000082169ff870:   0000024035d08c66 00007ffab7aef770
0x00000082169ff880:   00000240362fd700 000002404a10a780
0x00000082169ff890:   0000000000000200 0000000000000100
0x00000082169ff8a0:   0000008215cff170 0000000000000002
0x00000082169ff8b0:   0000000000000000 0000008215cff2c0
0x00000082169ff8c0:   000002404f9a56f0 000002404a10a780
0x00000082169ff8d0:   0000000000000000 000002404faacb90
0x00000082169ff8e0:   00000082169ff989 00007ffab77f80b3
0x00000082169ff8f0:   00000240362e5a50 00000240362e53c0
0x00000082169ff900:   0000024035ce2f81 00000000c718cbe8
0x00000082169ff910:   000002404a10a780 0000000000000002
0x00000082169ff920:   0000024000000004 0000000004990000 

Instructions: (pc=0x00007ffab77e7d03)
0x00007ffab77e7c03:   b6 15 86 39 4c 00 44 8b c8 49 63 c1 48 8b ce 48
0x00007ffab77e7c13:   8d 1c c3 49 3b dc 0f 86 52 ff ff ff 48 8b 84 24
0x00007ffab77e7c23:   c0 00 00 00 49 3b ff 4c 8b 64 24 28 4c 0f 43 ff
0x00007ffab77e7c33:   48 8b f9 48 c1 e7 09 49 8b df 48 8b 40 40 48 c1
0x00007ffab77e7c43:   e0 09 48 2b f8 49 3b fc 76 05 49 8b fc eb 11 48
0x00007ffab77e7c53:   3b bc 24 d8 00 00 00 48 0f 47 bc 24 d8 00 00 00
0x00007ffab77e7c63:   4c 8b 4c 24 30 48 8b 84 24 d0 00 00 00 49 ff c1
0x00007ffab77e7c73:   4d 3b e9 48 89 4c 24 20 4d 0f 47 cd 48 ff c8 48
0x00007ffab77e7c83:   3b c8 48 0f 42 c1 45 33 f6 4c 8b c0 4d 2b c1 4c
0x00007ffab77e7c93:   3b c8 4d 0f 47 c6 4d 85 c0 74 17 48 89 4c 24 20
0x00007ffab77e7ca3:   b2 ff 49 8b c9 e8 a5 84 1e 00 44 0f b6 15 da 38
0x00007ffab77e7cb3:   4c 00 44 39 35 44 8e 45 00 0f 84 4a 01 00 00 48
0x00007ffab77e7cc3:   3b df 0f 83 99 02 00 00 48 8b 9c 24 e0 00 00 00
0x00007ffab77e7cd3:   48 8d 35 96 7a 30 00 bd 0c 00 00 00 90 45 84 d2
0x00007ffab77e7ce3:   74 18 41 8b 57 08 8b 0d 09 76 45 00 8b c2 48 d3
0x00007ffab77e7cf3:   e0 48 03 05 f5 75 45 00 eb 06 49 8b 47 08 8b d0
0x00007ffab77e7d03:   81 78 08 00 00 00 c0 73 53 48 8b 05 4d d7 4d 00
0x00007ffab77e7d13:   48 89 44 24 50 48 89 74 24 48 48 89 5c 24 58 45
0x00007ffab77e7d23:   84 d2 74 15 8b 0d cb 75 45 00 44 8b c2 49 d3 e0
0x00007ffab77e7d33:   4c 03 05 b6 75 45 00 eb 04 4d 8b 47 08 49 63 40
0x00007ffab77e7d43:   0c 48 8d 4c 24 48 49 8b d7 4c 8d 0d bd c9 46 00
0x00007ffab77e7d53:   41 ff 14 c1 44 0f b6 15 30 38 4c 00 45 84 d2 74
0x00007ffab77e7d63:   16 45 8b 47 08 8b 0d 8a 75 45 00 49 d3 e0 4c 03
0x00007ffab77e7d73:   05 78 75 45 00 eb 04 4d 8b 47 08 45 8b 48 08 45
0x00007ffab77e7d83:   85 c9 7e 0c 41 f6 c1 01 75 50 41 c1 f9 03 eb 64
0x00007ffab77e7d93:   79 48 8b 05 99 84 45 00 45 84 d2 b9 10 00 00 00
0x00007ffab77e7da3:   48 0f 45 cd ff c8 4c 63 c0 41 8b c1 48 c1 f8 10
0x00007ffab77e7db3:   4a 63 14 39 41 8b c9 83 e1 3f 48 d3 e2 0f b6 c8
0x00007ffab77e7dc3:   49 8d 04 10 49 f7 d0 48 03 c8 4d 8b c8 49 c1 e9
0x00007ffab77e7dd3:   03 48 c1 e9 03 44 23 c9 eb 1a 49 8b 00 49 8b d7
0x00007ffab77e7de3:   49 8b c8 ff 90 00 01 00 00 44 0f b6 15 9b 37 4c
0x00007ffab77e7df3:   00 44 8b c8 49 63 c1 4d 8d 3c c7 4c 3b ff 0f 82 


Stack slot to memory mapping:
stack at sp + 0 slots: 0x000002404a10a780 points into unknown readable memory: 0x00007ffab7af0578 | 78 05 af b7 fa 7f 00 00
stack at sp + 1 slots: 0x00000000c25f0010 is an oop: [J 
{0x00000000c25f0010} - klass: {type array long}
 - length: 8
stack at sp + 2 slots: 0x000000000000000c is an unknown value
stack at sp + 3 slots: 0x00007ffab7aef770 jvm.dll
stack at sp + 4 slots: 0x0000024035ce2f81 points into unknown readable memory: ff ff ff ff ff ff ff
stack at sp + 5 slots: 0x00000000c25f0010 is an oop: [J 
{0x00000000c25f0010} - klass: {type array long}
 - length: 8
stack at sp + 6 slots: 0x0000024035ce2f00 points into unknown readable memory: 0xffffffffffffff00 | 00 ff ff ff ff ff ff ff
stack at sp + 7 slots: 0x0000024035ce2e00 points into unknown readable memory: 0xffffffffffffff00 | 00 ff ff ff ff ff ff ff


---------------  P R O C E S S  ---------------

Threads class SMR info:
_java_thread_list=0x00000240505e9d90, length=36, elements={
0x00000240362fe240, 0x00000240363be760, 0x000002404a11f300, 0x000002404a146270,
0x000002404a148ef0, 0x000002404a149b60, 0x000002404a14b680, 0x000002404a14c410,
0x000002404a1791f0, 0x000002404a17dfb0, 0x000002404f3a9920, 0x000002404f632950,
0x000002404fcd0690, 0x00000240500c53e0, 0x00000240500c58b0, 0x000002404fd292f0,
0x00000240501fb450, 0x0000024050258250, 0x000002404fd53490, 0x000002404fd53960,
0x000002404fd54ca0, 0x000002404fd52af0, 0x000002404fd55b10, 0x000002404fd52150,
0x000002404fd52620, 0x000002404fd54300, 0x000002404fc0efe0, 0x000002404fc13ce0,
0x000002404fc0f980, 0x000002404fc0f4b0, 0x000002404fc10cc0, 0x000002404fc11b30,
0x000002404fc11190, 0x0000024051865df0, 0x000002404fc124d0, 0x000002404fc141b0
}

Java Threads: ( => current thread )
  0x00000240362fe240 JavaThread "main" [_thread_blocked, id=10128, stack(0x0000008215a00000,0x0000008215b00000)]
  0x00000240363be760 JavaThread "Reference Handler" daemon [_thread_blocked, id=10088, stack(0x0000008215d00000,0x0000008215e00000)]
  0x000002404a11f300 JavaThread "Finalizer" daemon [_thread_blocked, id=10108, stack(0x0000008215e00000,0x0000008215f00000)]
  0x000002404a146270 JavaThread "Signal Dispatcher" daemon [_thread_blocked, id=6104, stack(0x0000008215f00000,0x0000008216000000)]
  0x000002404a148ef0 JavaThread "Attach Listener" daemon [_thread_blocked, id=3004, stack(0x0000008216000000,0x0000008216100000)]
  0x000002404a149b60 JavaThread "Service Thread" daemon [_thread_blocked, id=11268, stack(0x0000008216100000,0x0000008216200000)]
  0x000002404a14b680 JavaThread "Monitor Deflation Thread" daemon [_thread_blocked, id=4568, stack(0x0000008216200000,0x0000008216300000)]
  0x000002404a14c410 JavaThread "C2 CompilerThread0" daemon [_thread_blocked, id=7348, stack(0x0000008216300000,0x0000008216400000)]
  0x000002404a1791f0 JavaThread "C1 CompilerThread0" daemon [_thread_blocked, id=9620, stack(0x0000008216400000,0x0000008216500000)]
  0x000002404a17dfb0 JavaThread "Sweeper thread" daemon [_thread_blocked, id=9492, stack(0x0000008216500000,0x0000008216600000)]
  0x000002404f3a9920 JavaThread "Common-Cleaner" daemon [_thread_blocked, id=9516, stack(0x0000008216600000,0x0000008216700000)]
  0x000002404f632950 JavaThread "Notification Thread" daemon [_thread_blocked, id=732, stack(0x0000008216700000,0x0000008216800000)]
  0x000002404fcd0690 JavaThread "Active Thread: Equinox Container: ac617690-22e2-4674-aa19-14c4a4e1a21d" [_thread_blocked, id=5964, stack(0x0000008216d00000,0x0000008216e00000)]
  0x00000240500c53e0 JavaThread "Framework Event Dispatcher: Equinox Container: ac617690-22e2-4674-aa19-14c4a4e1a21d" daemon [_thread_blocked, id=2268, stack(0x0000008216c00000,0x0000008216d00000)]
  0x00000240500c58b0 JavaThread "Start Level: Equinox Container: ac617690-22e2-4674-aa19-14c4a4e1a21d" daemon [_thread_blocked, id=5836, stack(0x0000008216e00000,0x0000008216f00000)]
  0x000002404fd292f0 JavaThread "SCR Component Actor" daemon [_thread_blocked, id=11856, stack(0x0000008216f00000,0x0000008217000000)]
  0x00000240501fb450 JavaThread "Worker-JM" [_thread_blocked, id=6696, stack(0x0000008217100000,0x0000008217200000)]
  0x0000024050258250 JavaThread "Worker-0" [_thread_blocked, id=5016, stack(0x0000008217200000,0x0000008217300000)]
  0x000002404fd53490 JavaThread "Worker-1" [_thread_blocked, id=12868, stack(0x0000008217300000,0x0000008217400000)]
  0x000002404fd53960 JavaThread "Java indexing" daemon [_thread_blocked, id=6524, stack(0x0000008217500000,0x0000008217600000)]
  0x000002404fd54ca0 JavaThread "Worker-2: Initialize Workspace" [_thread_blocked, id=9604, stack(0x0000008217600000,0x0000008217700000)]
  0x000002404fd52af0 JavaThread "JNA Cleaner" daemon [_thread_blocked, id=6484, stack(0x0000008217700000,0x0000008217800000)]
  0x000002404fd55b10 JavaThread "pool-2-thread-1" [_thread_blocked, id=5140, stack(0x0000008217400000,0x0000008217500000)]
  0x000002404fd52150 JavaThread "WorkspaceEventsHandler" [_thread_blocked, id=4732, stack(0x0000008217b00000,0x0000008217c00000)]
  0x000002404fd52620 JavaThread "pool-1-thread-1" [_thread_in_native, id=8692, stack(0x0000008217c00000,0x0000008217d00000)]
  0x000002404fd54300 JavaThread "Worker-3" [_thread_blocked, id=7672, stack(0x0000008217a00000,0x0000008217b00000)]
  0x000002404fc0efe0 JavaThread "ForkJoinPool.commonPool-worker-1" daemon [_thread_blocked, id=4352, stack(0x0000008217d00000,0x0000008217e00000)]
  0x000002404fc13ce0 JavaThread "ForkJoinPool.commonPool-worker-2" daemon [_thread_blocked, id=856, stack(0x0000008217e00000,0x0000008217f00000)]
  0x000002404fc0f980 JavaThread "ForkJoinPool.commonPool-worker-3" daemon [_thread_blocked, id=8636, stack(0x0000008217f00000,0x0000008218000000)]
  0x000002404fc0f4b0 JavaThread "Bundle File Closer" daemon [_thread_blocked, id=14064, stack(0x0000008218000000,0x0000008218100000)]
  0x000002404fc10cc0 JavaThread "Worker-4" [_thread_blocked, id=9132, stack(0x0000008218100000,0x0000008218200000)]
  0x000002404fc11b30 JavaThread "Worker-5" [_thread_blocked, id=4868, stack(0x0000008218200000,0x0000008218300000)]
  0x000002404fc11190 JavaThread "Worker-6" [_thread_blocked, id=8616, stack(0x0000008217000000,0x0000008217100000)]
  0x0000024051865df0 JavaThread "C2 CompilerThread1" daemon [_thread_in_native, id=8700, stack(0x0000008218300000,0x0000008218400000)]
  0x000002404fc124d0 JavaThread "SCR Component Registry" daemon [_thread_blocked, id=7192, stack(0x0000008218400000,0x0000008218500000)]
  0x000002404fc141b0 JavaThread "Thread-4" daemon [_thread_blocked, id=11376, stack(0x0000008218500000,0x0000008218600000)]

Other Threads:
  0x000002404a10c600 VMThread "VM Thread" [stack: 0x0000008215c00000,0x0000008215d00000] [id=10064]
  0x000002404f5fe3b0 WatcherThread [stack: 0x0000008216800000,0x0000008216900000] [id=13424]
  0x0000024036310df0 GCTaskThread "GC Thread#0" [stack: 0x0000008215b00000,0x0000008215c00000] [id=10112]
=>0x000002404f9a56f0 GCTaskThread "GC Thread#1" [stack: 0x0000008216900000,0x0000008216a00000] [id=9812]
  0x000002404f752900 GCTaskThread "GC Thread#2" [stack: 0x0000008216a00000,0x0000008216b00000] [id=7396]
  0x000002404f752bb0 GCTaskThread "GC Thread#3" [stack: 0x0000008216b00000,0x0000008216c00000] [id=8840]

Threads with active compile tasks:
C2 CompilerThread0    29466 9971       4       com.google.gson.stream.JsonReader::doPeek (744 bytes)
C2 CompilerThread1    29466 9946   !   4       org.eclipse.jdt.internal.core.ClassFileInfo::generateMethodInfos (777 bytes)

VM state: at safepoint (normal execution)

VM Mutex/Monitor currently owned by a thread:  ([mutex/lock_event])
[0x00000240362f86d0] Threads_lock - owner thread: 0x000002404a10c600
[0x00000240362fa140] Heap_lock - owner thread: 0x000002404fc141b0

Heap address: 0x00000000c0000000, size: 1024 MB, Compressed Oops mode: 32-bit

CDS archive(s) not mapped
Compressed class space mapped at: 0x0000000100000000-0x0000000140000000, reserved size: 1073741824
Narrow klass base: 0x0000000000000000, Narrow klass shift: 3, Narrow klass range: 0x140000000

GC Precious Log:
 CPUs: 4 total, 4 available
 Memory: 16269M
 Large Page Support: Disabled
 NUMA Support: Disabled
 Compressed Oops: Enabled (32-bit)
 Alignments: Space 512K, Generation 512K, Heap 2M
 Heap Min Capacity: 100M
 Heap Initial Capacity: 100M
 Heap Max Capacity: 1G
 Pre-touch: Disabled
 Parallel Workers: 4

Heap:
 PSYoungGen      total 7680K, used 6654K [0x00000000eab00000, 0x00000000ebd00000, 0x0000000100000000)
  eden space 5120K, 100% used [0x00000000eab00000,0x00000000eb000000,0x00000000eb000000)
  from space 2560K, 59% used [0x00000000eb000000,0x00000000eb17f9f8,0x00000000eb280000)
  to   space 6144K, 55% used [0x00000000eb700000,0x00000000eba56de0,0x00000000ebd00000)
 ParOldGen       total 151040K, used 117810K [0x00000000c0000000, 0x00000000c9380000, 0x00000000eab00000)
  object space 151040K, 77% used [0x00000000c0000000,0x00000000c730cbe8,0x00000000c9380000)
 Metaspace       used 68544K, committed 69760K, reserved 1114112K
  class space    used 7244K, committed 7744K, reserved 1048576K

Card table byte_map: [0x0000024035cd0000,0x0000024035ee0000] _byte_map_base: 0x00000240356d0000

Marking Bits: (ParMarkBitMap*) 0x00007ffab7cc52c0
 Begin Bits: [0x0000024047f80000, 0x0000024048f80000)
 End Bits:   [0x0000024048f80000, 0x0000024049f80000)

Polling page: 0x0000024035ac0000

Metaspace:

Usage:
  Non-class:     59.86 MB used.
      Class:      7.08 MB used.
       Both:     66.94 MB used.

Virtual space:
  Non-class space:       64.00 MB reserved,      60.56 MB ( 95%) committed,  1 nodes.
      Class space:        1.00 GB reserved,       7.56 MB ( <1%) committed,  1 nodes.
             Both:        1.06 GB reserved,      68.12 MB (  6%) committed. 

Chunk freelists:
   Non-Class:  3.27 MB
       Class:  8.45 MB
        Both:  11.72 MB

MaxMetaspaceSize: unlimited
CompressedClassSpaceSize: 1.00 GB
Initial GC threshold: 21.00 MB
Current GC threshold: 113.56 MB
CDS: off
MetaspaceReclaimPolicy: balanced
 - commit_granule_bytes: 65536.
 - commit_granule_words: 8192.
 - virtual_space_node_default_size: 8388608.
 - enlarge_chunks_in_place: 1.
 - new_chunks_are_fully_committed: 0.
 - uncommit_free_chunks: 1.
 - use_allocation_guard: 0.
 - handle_deallocations: 1.


Internal statistics:

num_allocs_failed_limit: 9.
num_arena_births: 760.
num_arena_deaths: 14.
num_vsnodes_births: 2.
num_vsnodes_deaths: 0.
num_space_committed: 1090.
num_space_uncommitted: 0.
num_chunks_returned_to_freelist: 23.
num_chunks_taken_from_freelist: 3548.
num_chunk_merges: 13.
num_chunk_splits: 2240.
num_chunks_enlarged: 1301.
num_inconsistent_stats: 0.

CodeHeap 'non-profiled nmethods': size=120000Kb used=6242Kb max_used=6242Kb free=113757Kb
 bounds [0x0000024040a50000, 0x0000024041070000, 0x0000024047f80000]
CodeHeap 'profiled nmethods': size=120000Kb used=18651Kb max_used=18651Kb free=101348Kb
 bounds [0x0000024038f80000, 0x000002403a1c0000, 0x00000240404b0000]
CodeHeap 'non-nmethods': size=5760Kb used=1349Kb max_used=1440Kb free=4410Kb
 bounds [0x00000240404b0000, 0x0000024040720000, 0x0000024040a50000]
 total_blobs=9183 nmethods=8486 adapters=607
 compilation: enabled
              stopped_count=0, restarted_count=0
 full_count=0

Compilation events (20 events):
Event: 28.839 Thread 0x000002404a1791f0 9959       3       java.lang.StringUTF16::compress (20 bytes)
Event: 28.839 Thread 0x000002404a1791f0 nmethod 9959 0x000002403a1b3c10 code [0x000002403a1b3dc0, 0x000002403a1b4008]
Event: 28.870 Thread 0x000002404a1791f0 9960       3       jdk.internal.reflect.ClassFileAssembler::opc_athrow (12 bytes)
Event: 28.870 Thread 0x000002404a1791f0 nmethod 9960 0x000002403a1b4110 code [0x000002403a1b42c0, 0x000002403a1b4588]
Event: 28.871 Thread 0x000002404a1791f0 9961       2       com.google.gson.internal.bind.TypeAdapterRuntimeTypeWrapper::read (9 bytes)
Event: 28.871 Thread 0x000002404a1791f0 nmethod 9961 0x000002403a1b4710 code [0x000002403a1b48a0, 0x000002403a1b49c8]
Event: 28.875 Thread 0x000002404a1791f0 9962       3       com.google.gson.internal.ConstructorConstructor$18::construct (8 bytes)
Event: 28.875 Thread 0x000002404a1791f0 nmethod 9962 0x000002403a1b4a90 code [0x000002403a1b4c40, 0x000002403a1b4e68]
Event: 28.876 Thread 0x000002404a1791f0 9963       3       com.google.gson.internal.bind.MapTypeAdapterFactory$Adapter::read (6 bytes)
Event: 28.876 Thread 0x000002404a1791f0 nmethod 9963 0x000002403a1b4f90 code [0x000002403a1b5120, 0x000002403a1b5268]
Event: 28.877 Thread 0x000002404a1791f0 9964       3       com.google.gson.stream.JsonReader::endArray (90 bytes)
Event: 28.877 Thread 0x000002404a1791f0 nmethod 9964 0x000002403a1b5310 code [0x000002403a1b55a0, 0x000002403a1b60f8]
Event: 28.877 Thread 0x000002404a1791f0 9965       3       com.google.gson.stream.JsonReader::beginArray (82 bytes)
Event: 28.878 Thread 0x000002404a1791f0 nmethod 9965 0x000002403a1b6490 code [0x000002403a1b6720, 0x000002403a1b7288]
Event: 28.878 Thread 0x000002404a1791f0 9966       3       com.google.gson.internal.bind.ArrayTypeAdapter::read (133 bytes)
Event: 28.879 Thread 0x000002404a1791f0 nmethod 9966 0x000002403a1b7690 code [0x000002403a1b79a0, 0x000002403a1b8e98]
Event: 28.971 Thread 0x000002404a1791f0 9972       2       org.eclipse.jdt.internal.core.ClassFileInfo::generateStandardAnnotation (49 bytes)
Event: 28.971 Thread 0x000002404a1791f0 nmethod 9972 0x000002403a1b9590 code [0x000002403a1b9760, 0x000002403a1b9ac8]
Event: 29.377 Thread 0x000002404a14c410 nmethod 9898% 0x0000024041055690 code [0x0000024041055e40, 0x0000024041061520]
Event: 29.378 Thread 0x000002404a14c410 9971       4       com.google.gson.stream.JsonReader::doPeek (744 bytes)

GC Heap History (20 events):
Event: 29.047 GC heap after
{Heap after GC invocations=108 (full 6):
 PSYoungGen      total 6656K, used 1824K [0x00000000eab00000, 0x00000000eb580000, 0x0000000100000000)
  eden space 4608K, 0% used [0x00000000eab00000,0x00000000eab00000,0x00000000eaf80000)
  from space 2048K, 89% used [0x00000000eaf80000,0x00000000eb148000,0x00000000eb180000)
  to   space 2560K, 0% used [0x00000000eb300000,0x00000000eb300000,0x00000000eb580000)
 ParOldGen       total 116736K, used 100636K [0x00000000c0000000, 0x00000000c7200000, 0x00000000eab00000)
  object space 116736K, 86% used [0x00000000c0000000,0x00000000c6247040,0x00000000c7200000)
 Metaspace       used 68544K, committed 69760K, reserved 1114112K
  class space    used 7244K, committed 7744K, reserved 1048576K
}
Event: 29.060 GC heap before
{Heap before GC invocations=109 (full 6):
 PSYoungGen      total 6656K, used 6432K [0x00000000eab00000, 0x00000000eb580000, 0x0000000100000000)
  eden space 4608K, 100% used [0x00000000eab00000,0x00000000eaf80000,0x00000000eaf80000)
  from space 2048K, 89% used [0x00000000eaf80000,0x00000000eb148000,0x00000000eb180000)
  to   space 2560K, 0% used [0x00000000eb300000,0x00000000eb300000,0x00000000eb580000)
 ParOldGen       total 116736K, used 100636K [0x00000000c0000000, 0x00000000c7200000, 0x00000000eab00000)
  object space 116736K, 86% used [0x00000000c0000000,0x00000000c6247040,0x00000000c7200000)
 Metaspace       used 68544K, committed 69760K, reserved 1114112K
  class space    used 7244K, committed 7744K, reserved 1048576K
}
Event: 29.064 GC heap after
{Heap after GC invocations=109 (full 6):
 PSYoungGen      total 5632K, used 2542K [0x00000000eab00000, 0x00000000eba80000, 0x0000000100000000)
  eden space 3072K, 0% used [0x00000000eab00000,0x00000000eab00000,0x00000000eae00000)
  from space 2560K, 99% used [0x00000000eb300000,0x00000000eb57b830,0x00000000eb580000)
  to   space 5120K, 0% used [0x00000000eae00000,0x00000000eae00000,0x00000000eb300000)
 ParOldGen       total 116736K, used 102684K [0x00000000c0000000, 0x00000000c7200000, 0x00000000eab00000)
  object space 116736K, 87% used [0x00000000c0000000,0x00000000c6447040,0x00000000c7200000)
 Metaspace       used 68544K, committed 69760K, reserved 1114112K
  class space    used 7244K, committed 7744K, reserved 1048576K
}
Event: 29.111 GC heap before
{Heap before GC invocations=110 (full 6):
 PSYoungGen      total 5632K, used 5614K [0x00000000eab00000, 0x00000000eba80000, 0x0000000100000000)
  eden space 3072K, 100% used [0x00000000eab00000,0x00000000eae00000,0x00000000eae00000)
  from space 2560K, 99% used [0x00000000eb300000,0x00000000eb57b830,0x00000000eb580000)
  to   space 5120K, 0% used [0x00000000eae00000,0x00000000eae00000,0x00000000eb300000)
 ParOldGen       total 116736K, used 102684K [0x00000000c0000000, 0x00000000c7200000, 0x00000000eab00000)
  object space 116736K, 87% used [0x00000000c0000000,0x00000000c6447040,0x00000000c7200000)
 Metaspace       used 68544K, committed 69760K, reserved 1114112K
  class space    used 7244K, committed 7744K, reserved 1048576K
}
Event: 29.114 GC heap after
{Heap after GC invocations=110 (full 6):
 PSYoungGen      total 5120K, used 1595K [0x00000000eab00000, 0x00000000eb400000, 0x0000000100000000)
  eden space 3072K, 0% used [0x00000000eab00000,0x00000000eab00000,0x00000000eae00000)
  from space 2048K, 77% used [0x00000000eae00000,0x00000000eaf8ede0,0x00000000eb000000)
  to   space 3072K, 0% used [0x00000000eb100000,0x00000000eb100000,0x00000000eb400000)
 ParOldGen       total 116736K, used 105060K [0x00000000c0000000, 0x00000000c7200000, 0x00000000eab00000)
  object space 116736K, 89% used [0x00000000c0000000,0x00000000c6699040,0x00000000c7200000)
 Metaspace       used 68544K, committed 69760K, reserved 1114112K
  class space    used 7244K, committed 7744K, reserved 1048576K
}
Event: 29.122 GC heap before
{Heap before GC invocations=111 (full 6):
 PSYoungGen      total 5120K, used 4667K [0x00000000eab00000, 0x00000000eb400000, 0x0000000100000000)
  eden space 3072K, 100% used [0x00000000eab00000,0x00000000eae00000,0x00000000eae00000)
  from space 2048K, 77% used [0x00000000eae00000,0x00000000eaf8ede0,0x00000000eb000000)
  to   space 3072K, 0% used [0x00000000eb100000,0x00000000eb100000,0x00000000eb400000)
 ParOldGen       total 116736K, used 105060K [0x00000000c0000000, 0x00000000c7200000, 0x00000000eab00000)
  object space 116736K, 89% used [0x00000000c0000000,0x00000000c6699040,0x00000000c7200000)
 Metaspace       used 68544K, committed 69760K, reserved 1114112K
  class space    used 7244K, committed 7744K, reserved 1048576K
}
Event: 29.123 GC heap after
{Heap after GC invocations=111 (full 6):
 PSYoungGen      total 6144K, used 1312K [0x00000000eab00000, 0x00000000eb300000, 0x0000000100000000)
  eden space 4096K, 0% used [0x00000000eab00000,0x00000000eab00000,0x00000000eaf00000)
  from space 2048K, 64% used [0x00000000eb100000,0x00000000eb248000,0x00000000eb300000)
  to   space 2048K, 0% used [0x00000000eaf00000,0x00000000eaf00000,0x00000000eb100000)
 ParOldGen       total 116736K, used 106364K [0x00000000c0000000, 0x00000000c7200000, 0x00000000eab00000)
  object space 116736K, 91% used [0x00000000c0000000,0x00000000c67df040,0x00000000c7200000)
 Metaspace       used 68544K, committed 69760K, reserved 1114112K
  class space    used 7244K, committed 7744K, reserved 1048576K
}
Event: 29.132 GC heap before
{Heap before GC invocations=112 (full 6):
 PSYoungGen      total 6144K, used 5408K [0x00000000eab00000, 0x00000000eb300000, 0x0000000100000000)
  eden space 4096K, 100% used [0x00000000eab00000,0x00000000eaf00000,0x00000000eaf00000)
  from space 2048K, 64% used [0x00000000eb100000,0x00000000eb248000,0x00000000eb300000)
  to   space 2048K, 0% used [0x00000000eaf00000,0x00000000eaf00000,0x00000000eb100000)
 ParOldGen       total 116736K, used 106364K [0x00000000c0000000, 0x00000000c7200000, 0x00000000eab00000)
  object space 116736K, 91% used [0x00000000c0000000,0x00000000c67df040,0x00000000c7200000)
 Metaspace       used 68544K, committed 69760K, reserved 1114112K
  class space    used 7244K, committed 7744K, reserved 1048576K
}
Event: 29.135 GC heap after
{Heap after GC invocations=112 (full 6):
 PSYoungGen      total 6144K, used 2011K [0x00000000eab00000, 0x00000000eb500000, 0x0000000100000000)
  eden space 4096K, 0% used [0x00000000eab00000,0x00000000eab00000,0x00000000eaf00000)
  from space 2048K, 98% used [0x00000000eaf00000,0x00000000eb0f6de0,0x00000000eb100000)
  to   space 2560K, 0% used [0x00000000eb280000,0x00000000eb280000,0x00000000eb500000)
 ParOldGen       total 116736K, used 107668K [0x00000000c0000000, 0x00000000c7200000, 0x00000000eab00000)
  object space 116736K, 92% used [0x00000000c0000000,0x00000000c6925040,0x00000000c7200000)
 Metaspace       used 68544K, committed 69760K, reserved 1114112K
  class space    used 7244K, committed 7744K, reserved 1048576K
}
Event: 29.147 GC heap before
{Heap before GC invocations=113 (full 6):
 PSYoungGen      total 6144K, used 6107K [0x00000000eab00000, 0x00000000eb500000, 0x0000000100000000)
  eden space 4096K, 100% used [0x00000000eab00000,0x00000000eaf00000,0x00000000eaf00000)
  from space 2048K, 98% used [0x00000000eaf00000,0x00000000eb0f6de0,0x00000000eb100000)
  to   space 2560K, 0% used [0x00000000eb280000,0x00000000eb280000,0x00000000eb500000)
 ParOldGen       total 116736K, used 107668K [0x00000000c0000000, 0x00000000c7200000, 0x00000000eab00000)
  object space 116736K, 92% used [0x00000000c0000000,0x00000000c6925040,0x00000000c7200000)
 Metaspace       used 68544K, committed 69760K, reserved 1114112K
  class space    used 7244K, committed 7744K, reserved 1048576K
}
Event: 29.151 GC heap after
{Heap after GC invocations=113 (full 6):
 PSYoungGen      total 7168K, used 2528K [0x00000000eab00000, 0x00000000eb600000, 0x0000000100000000)
  eden space 4608K, 0% used [0x00000000eab00000,0x00000000eab00000,0x00000000eaf80000)
  from space 2560K, 98% used [0x00000000eb280000,0x00000000eb4f8000,0x00000000eb500000)
  to   space 3072K, 0% used [0x00000000eaf80000,0x00000000eaf80000,0x00000000eb280000)
 ParOldGen       total 116736K, used 109460K [0x00000000c0000000, 0x00000000c7200000, 0x00000000eab00000)
  object space 116736K, 93% used [0x00000000c0000000,0x00000000c6ae5040,0x00000000c7200000)
 Metaspace       used 68544K, committed 69760K, reserved 1114112K
  class space    used 7244K, committed 7744K, reserved 1048576K
}
Event: 29.166 GC heap before
{Heap before GC invocations=114 (full 6):
 PSYoungGen      total 7168K, used 6991K [0x00000000eab00000, 0x00000000eb600000, 0x0000000100000000)
  eden space 4608K, 96% used [0x00000000eab00000,0x00000000eaf5bc70,0x00000000eaf80000)
  from space 2560K, 98% used [0x00000000eb280000,0x00000000eb4f8000,0x00000000eb500000)
  to   space 3072K, 0% used [0x00000000eaf80000,0x00000000eaf80000,0x00000000eb280000)
 ParOldGen       total 116736K, used 109460K [0x00000000c0000000, 0x00000000c7200000, 0x00000000eab00000)
  object space 116736K, 93% used [0x00000000c0000000,0x00000000c6ae5040,0x00000000c7200000)
 Metaspace       used 68544K, committed 69760K, reserved 1114112K
  class space    used 7244K, committed 7744K, reserved 1048576K
}
Event: 29.169 GC heap after
{Heap after GC invocations=114 (full 6):
 PSYoungGen      total 7680K, used 1376K [0x00000000eab00000, 0x00000000eb480000, 0x0000000100000000)
  eden space 4608K, 0% used [0x00000000eab00000,0x00000000eab00000,0x00000000eaf80000)
  from space 3072K, 44% used [0x00000000eaf80000,0x00000000eb0d8000,0x00000000eb280000)
  to   space 2048K, 0% used [0x00000000eb280000,0x00000000eb280000,0x00000000eb480000)
 ParOldGen       total 116736K, used 111956K [0x00000000c0000000, 0x00000000c7200000, 0x00000000eab00000)
  object space 116736K, 95% used [0x00000000c0000000,0x00000000c6d55040,0x00000000c7200000)
 Metaspace       used 68544K, committed 69760K, reserved 1114112K
  class space    used 7244K, committed 7744K, reserved 1048576K
}
Event: 29.177 GC heap before
{Heap before GC invocations=115 (full 6):
 PSYoungGen      total 7680K, used 5984K [0x00000000eab00000, 0x00000000eb480000, 0x0000000100000000)
  eden space 4608K, 100% used [0x00000000eab00000,0x00000000eaf80000,0x00000000eaf80000)
  from space 3072K, 44% used [0x00000000eaf80000,0x00000000eb0d8000,0x00000000eb280000)
  to   space 2048K, 0% used [0x00000000eb280000,0x00000000eb280000,0x00000000eb480000)
 ParOldGen       total 116736K, used 111956K [0x00000000c0000000, 0x00000000c7200000, 0x00000000eab00000)
  object space 116736K, 95% used [0x00000000c0000000,0x00000000c6d55040,0x00000000c7200000)
 Metaspace       used 68544K, committed 69760K, reserved 1114112K
  class space    used 7244K, committed 7744K, reserved 1048576K
}
Event: 29.179 GC heap after
{Heap after GC invocations=115 (full 6):
 PSYoungGen      total 7168K, used 2011K [0x00000000eab00000, 0x00000000eb580000, 0x0000000100000000)
  eden space 5120K, 0% used [0x00000000eab00000,0x00000000eab00000,0x00000000eb000000)
  from space 2048K, 98% used [0x00000000eb280000,0x00000000eb476de0,0x00000000eb480000)
  to   space 2560K, 0% used [0x00000000eb000000,0x00000000eb000000,0x00000000eb280000)
 ParOldGen       total 116736K, used 113252K [0x00000000c0000000, 0x00000000c7200000, 0x00000000eab00000)
  object space 116736K, 97% used [0x00000000c0000000,0x00000000c6e99040,0x00000000c7200000)
 Metaspace       used 68544K, committed 69760K, reserved 1114112K
  class space    used 7244K, committed 7744K, reserved 1048576K
}
Event: 29.202 GC heap before
{Heap before GC invocations=116 (full 6):
 PSYoungGen      total 7168K, used 7131K [0x00000000eab00000, 0x00000000eb580000, 0x0000000100000000)
  eden space 5120K, 100% used [0x00000000eab00000,0x00000000eb000000,0x00000000eb000000)
  from space 2048K, 98% used [0x00000000eb280000,0x00000000eb476de0,0x00000000eb480000)
  to   space 2560K, 0% used [0x00000000eb000000,0x00000000eb000000,0x00000000eb280000)
 ParOldGen       total 116736K, used 113252K [0x00000000c0000000, 0x00000000c7200000, 0x00000000eab00000)
  object space 116736K, 97% used [0x00000000c0000000,0x00000000c6e99040,0x00000000c7200000)
 Metaspace       used 68544K, committed 69760K, reserved 1114112K
  class space    used 7244K, committed 7744K, reserved 1048576K
}
Event: 29.205 GC heap after
{Heap after GC invocations=116 (full 6):
 PSYoungGen      total 7680K, used 2560K [0x00000000eab00000, 0x00000000ebd00000, 0x0000000100000000)
  eden space 5120K, 0% used [0x00000000eab00000,0x00000000eab00000,0x00000000eb000000)
  from space 2560K, 100% used [0x00000000eb000000,0x00000000eb280000,0x00000000eb280000)
  to   space 6144K, 0% used [0x00000000eb700000,0x00000000eb700000,0x00000000ebd00000)
 ParOldGen       total 116736K, used 116028K [0x00000000c0000000, 0x00000000c7200000, 0x00000000eab00000)
  object space 116736K, 99% used [0x00000000c0000000,0x00000000c714f040,0x00000000c7200000)
 Metaspace       used 68544K, committed 69760K, reserved 1114112K
  class space    used 7244K, committed 7744K, reserved 1048576K
}
Event: 29.205 GC heap before
{Heap before GC invocations=117 (full 7):
 PSYoungGen      total 7680K, used 2560K [0x00000000eab00000, 0x00000000ebd00000, 0x0000000100000000)
  eden space 5120K, 0% used [0x00000000eab00000,0x00000000eab00000,0x00000000eb000000)
  from space 2560K, 100% used [0x00000000eb000000,0x00000000eb280000,0x00000000eb280000)
  to   space 6144K, 0% used [0x00000000eb700000,0x00000000eb700000,0x00000000ebd00000)
 ParOldGen       total 116736K, used 116028K [0x00000000c0000000, 0x00000000c7200000, 0x00000000eab00000)
  object space 116736K, 99% used [0x00000000c0000000,0x00000000c714f040,0x00000000c7200000)
 Metaspace       used 68544K, committed 69760K, reserved 1114112K
  class space    used 7244K, committed 7744K, reserved 1048576K
}
Event: 29.363 GC heap after
{Heap after GC invocations=117 (full 7):
 PSYoungGen      total 7680K, used 1534K [0x00000000eab00000, 0x00000000ebd00000, 0x0000000100000000)
  eden space 5120K, 0% used [0x00000000eab00000,0x00000000eab00000,0x00000000eb000000)
  from space 2560K, 59% used [0x00000000eb000000,0x00000000eb17f9f8,0x00000000eb280000)
  to   space 6144K, 0% used [0x00000000eb700000,0x00000000eb700000,0x00000000ebd00000)
 ParOldGen       total 151040K, used 116274K [0x00000000c0000000, 0x00000000c9380000, 0x00000000eab00000)
  object space 151040K, 76% used [0x00000000c0000000,0x00000000c718cbe8,0x00000000c9380000)
 Metaspace       used 68544K, committed 69760K, reserved 1114112K
  class space    used 7244K, committed 7744K, reserved 1048576K
}
Event: 29.383 GC heap before
{Heap before GC invocations=118 (full 7):
 PSYoungGen      total 7680K, used 6654K [0x00000000eab00000, 0x00000000ebd00000, 0x0000000100000000)
  eden space 5120K, 100% used [0x00000000eab00000,0x00000000eb000000,0x00000000eb000000)
  from space 2560K, 59% used [0x00000000eb000000,0x00000000eb17f9f8,0x00000000eb280000)
  to   space 6144K, 0% used [0x00000000eb700000,0x00000000eb700000,0x00000000ebd00000)
 ParOldGen       total 151040K, used 116274K [0x00000000c0000000, 0x00000000c9380000, 0x00000000eab00000)
  object space 151040K, 76% used [0x00000000c0000000,0x00000000c718cbe8,0x00000000c9380000)
 Metaspace       used 68544K, committed 69760K, reserved 1114112K
  class space    used 7244K, committed 7744K, reserved 1048576K
}

Dll operation events (11 events):
Event: 0.009 Loaded shared library c:\Users\Desktop\.vscode\extensions\redhat.java-1.19.0-win32-x64\jre\17.0.7-win32-x86_64\bin\java.dll
Event: 0.414 Loaded shared library c:\Users\Desktop\.vscode\extensions\redhat.java-1.19.0-win32-x64\jre\17.0.7-win32-x86_64\bin\zip.dll
Event: 0.419 Loaded shared library C:\Users\Desktop\.vscode\extensions\redhat.java-1.19.0-win32-x64\jre\17.0.7-win32-x86_64\bin\instrument.dll
Event: 0.487 Loaded shared library C:\Users\Desktop\.vscode\extensions\redhat.java-1.19.0-win32-x64\jre\17.0.7-win32-x86_64\bin\net.dll
Event: 0.489 Loaded shared library C:\Users\Desktop\.vscode\extensions\redhat.java-1.19.0-win32-x64\jre\17.0.7-win32-x86_64\bin\nio.dll
Event: 0.496 Loaded shared library C:\Users\Desktop\.vscode\extensions\redhat.java-1.19.0-win32-x64\jre\17.0.7-win32-x86_64\bin\zip.dll
Event: 0.533 Loaded shared library C:\Users\Desktop\.vscode\extensions\redhat.java-1.19.0-win32-x64\jre\17.0.7-win32-x86_64\bin\jimage.dll
Event: 0.696 Loaded shared library c:\Users\Desktop\.vscode\extensions\redhat.java-1.19.0-win32-x64\jre\17.0.7-win32-x86_64\bin\verify.dll
Event: 4.825 Loaded shared library C:\Users\Desktop\AppData\Roaming\Code\User\globalStorage\redhat.java\1.19.0\config_win\org.eclipse.equinox.launcher\org.eclipse.equinox.launcher.win32.win32.x86_64_1.2.700.v20221108-1024\eclipse_11801.dll
Event: 13.027 Loaded shared library C:\Users\Desktop\AppData\Local\Temp\jna--1073207300\jna5390220269617614414.dll
Event: 28.646 Loaded shared library C:\Users\Desktop\.vscode\extensions\redhat.java-1.19.0-win32-x64\jre\17.0.7-win32-x86_64\bin\sunmscapi.dll

Deoptimization events (20 events):
Event: 28.836 Thread 0x000002404fc0efe0 DEOPT PACKING pc=0x0000024040d564a0 sp=0x0000008217dfd6e0
Event: 28.836 Thread 0x000002404fc0efe0 DEOPT UNPACKING pc=0x00000240405066a3 sp=0x0000008217dfd578 mode 2
Event: 28.836 Thread 0x000002404fc0efe0 Uncommon trap: trap_request=0xffffff45 fr.pc=0x0000024040ab7584 relative=0x0000000000000264
Event: 28.836 Thread 0x000002404fc0efe0 Uncommon trap: reason=unstable_if action=reinterpret pc=0x0000024040ab7584 method=java.lang.StringUTF16.compress([CII)[B @ 13 c2
Event: 28.836 Thread 0x000002404fc0efe0 DEOPT PACKING pc=0x0000024040ab7584 sp=0x0000008217dfd620
Event: 28.836 Thread 0x000002404fc0efe0 DEOPT UNPACKING pc=0x00000240405066a3 sp=0x0000008217dfd568 mode 2
Event: 28.836 Thread 0x000002404fc0efe0 Uncommon trap: trap_request=0xffffff45 fr.pc=0x0000024040ab9d8c relative=0x00000000000001ec
Event: 28.836 Thread 0x000002404fc0efe0 Uncommon trap: reason=unstable_if action=reinterpret pc=0x0000024040ab9d8c method=java.lang.StringUTF16.compress([CII)[B @ 13 c2
Event: 28.836 Thread 0x000002404fc0efe0 DEOPT PACKING pc=0x0000024040ab9d8c sp=0x0000008217dfd5c0
Event: 28.836 Thread 0x000002404fc0efe0 DEOPT UNPACKING pc=0x00000240405066a3 sp=0x0000008217dfd560 mode 2
Event: 28.871 Thread 0x000002404fc141b0 Uncommon trap: trap_request=0xffffffc6 fr.pc=0x0000024040cc1b68 relative=0x0000000000000288
Event: 28.871 Thread 0x000002404fc141b0 Uncommon trap: reason=bimorphic_or_optimized_type_check action=maybe_recompile pc=0x0000024040cc1b68 method=com.google.gson.internal.bind.TypeAdapterRuntimeTypeWrapper.read(Lcom/google/gson/stream/JsonReader;)Ljava/lang/Object; @ 5 c2
Event: 28.871 Thread 0x000002404fc141b0 DEOPT PACKING pc=0x0000024040cc1b68 sp=0x00000082185fecd0
Event: 28.871 Thread 0x000002404fc141b0 DEOPT UNPACKING pc=0x00000240405066a3 sp=0x00000082185fec58 mode 2
Event: 28.871 Thread 0x000002404fc141b0 Uncommon trap: trap_request=0xffffffc6 fr.pc=0x0000024040cc1b68 relative=0x0000000000000288
Event: 28.871 Thread 0x000002404fc141b0 Uncommon trap: reason=bimorphic_or_optimized_type_check action=maybe_recompile pc=0x0000024040cc1b68 method=com.google.gson.internal.bind.TypeAdapterRuntimeTypeWrapper.read(Lcom/google/gson/stream/JsonReader;)Ljava/lang/Object; @ 5 c2
Event: 28.871 Thread 0x000002404fc141b0 DEOPT PACKING pc=0x0000024040cc1b68 sp=0x00000082185febc0
Event: 28.871 Thread 0x000002404fc141b0 DEOPT UNPACKING pc=0x00000240405066a3 sp=0x00000082185feb58 mode 2
Event: 29.177 Thread 0x000002404fc0efe0 DEOPT PACKING pc=0x0000024039caf4db sp=0x0000008217dfda30
Event: 29.177 Thread 0x000002404fc0efe0 DEOPT UNPACKING pc=0x0000024040506e43 sp=0x0000008217dfd058 mode 0

Classes unloaded (7 events):
Event: 6.222 Thread 0x000002404a10c600 Unloading class 0x0000000100216400 'java/lang/invoke/LambdaForm$MH+0x0000000100216400'
Event: 6.222 Thread 0x000002404a10c600 Unloading class 0x0000000100216000 'java/lang/invoke/LambdaForm$MH+0x0000000100216000'
Event: 6.222 Thread 0x000002404a10c600 Unloading class 0x0000000100215c00 'java/lang/invoke/LambdaForm$MH+0x0000000100215c00'
Event: 6.222 Thread 0x000002404a10c600 Unloading class 0x0000000100215800 'java/lang/invoke/LambdaForm$MH+0x0000000100215800'
Event: 6.222 Thread 0x000002404a10c600 Unloading class 0x0000000100215000 'java/lang/invoke/LambdaForm$BMH+0x0000000100215000'
Event: 6.222 Thread 0x000002404a10c600 Unloading class 0x0000000100214c00 'java/lang/invoke/LambdaForm$DMH+0x0000000100214c00'
Event: 6.222 Thread 0x000002404a10c600 Unloading class 0x0000000100212000 'java/lang/invoke/LambdaForm$DMH+0x0000000100212000'

Classes redefined (0 events):
No events

Internal exceptions (20 events):
Event: 25.137 Thread 0x000002404fc0f980 Implicit null exception at 0x0000024040ce72b3 to 0x0000024040ce7584
Event: 25.137 Thread 0x000002404fc0f980 Implicit null exception at 0x0000024040ce5d16 to 0x0000024040ce5ff0
Event: 25.237 Thread 0x000002404fc0f980 Exception <a 'java/lang/NoSuchMethodError'{0x00000000eb12fbd8}: 'java.lang.Object java.lang.invoke.DirectMethodHandle$Holder.newInvokeSpecial(java.lang.Object, java.lang.Object, int, java.lang.Object, java.lang.Object)'> (0x00000000eb12fbd8) 
thrown [s\src\hotspot\share\interpreter\linkResolver.cpp, line 759]
Event: 25.273 Thread 0x000002404fc0f980 Exception <a 'java/lang/NoSuchMethodError'{0x00000000eb228ec8}: 'java.lang.Object java.lang.invoke.DirectMethodHandle$Holder.invokeStatic(java.lang.Object, int, java.lang.Object, java.lang.Object)'> (0x00000000eb228ec8) 
thrown [s\src\hotspot\share\interpreter\linkResolver.cpp, line 759]
Event: 25.274 Thread 0x000002404fc0f980 Exception <a 'java/lang/NoSuchMethodError'{0x00000000eb22cf58}: 'java.lang.Object java.lang.invoke.DelegatingMethodHandle$Holder.delegate(java.lang.Object, int, java.lang.Object, java.lang.Object)'> (0x00000000eb22cf58) 
thrown [s\src\hotspot\share\interpreter\linkResolver.cpp, line 759]
Event: 25.278 Thread 0x000002404fc0f980 Exception <a 'java/lang/NoSuchMethodError'{0x00000000eb25c790}: 'int java.lang.invoke.Invokers$Holder.linkToTargetMethod(java.lang.Object, java.lang.Object, java.lang.Object)'> (0x00000000eb25c790) 
thrown [s\src\hotspot\share\interpreter\linkResolver.cpp, line 759]
Event: 25.350 Thread 0x000002404fc0f980 Exception <a 'java/lang/NoSuchMethodError'{0x00000000eb563660}: 'java.lang.Object java.lang.invoke.DirectMethodHandle$Holder.invokeStatic(java.lang.Object, java.lang.Object, int, java.lang.Object, java.lang.Object)'> (0x00000000eb563660) 
thrown [s\src\hotspot\share\interpreter\linkResolver.cpp, line 759]
Event: 25.361 Thread 0x000002404fc0f980 Exception <a 'java/lang/NoSuchMethodError'{0x00000000eb5d1d78}: 'void java.lang.invoke.DirectMethodHandle$Holder.invokeStatic(java.lang.Object, int)'> (0x00000000eb5d1d78) 
thrown [s\src\hotspot\share\interpreter\linkResolver.cpp, line 759]
Event: 25.416 Thread 0x000002404fc0efe0 Exception <a 'java/lang/ArrayIndexOutOfBoundsException'{0x00000000eb83efa8}: Index 712 out of bounds for length 712> (0x00000000eb83efa8) 
thrown [s\src\hotspot\share\interpreter\interpreterRuntime.cpp, line 428]
Event: 25.648 Thread 0x000002404fc0efe0 Implicit null exception at 0x0000024040c50ab5 to 0x0000024040c50c9c
Event: 25.861 Thread 0x000002404fc0f980 Exception <a 'java/io/FileNotFoundException'{0x00000000eb34b948}> (0x00000000eb34b948) 
thrown [s\src\hotspot\share\prims\jni.cpp, line 516]
Event: 25.862 Thread 0x000002404fc0f980 Exception <a 'java/io/FileNotFoundException'{0x00000000eb34cf88}> (0x00000000eb34cf88) 
thrown [s\src\hotspot\share\prims\jni.cpp, line 516]
Event: 26.067 Thread 0x000002404fc13ce0 Exception <a 'java/io/FileNotFoundException'{0x00000000eb3cc220}> (0x00000000eb3cc220) 
thrown [s\src\hotspot\share\prims\jni.cpp, line 516]
Event: 26.101 Thread 0x000002404fc13ce0 Exception <a 'java/lang/NoSuchMethodError'{0x00000000eb748ce8}: 'void java.lang.invoke.DirectMethodHandle$Holder.invokeSpecial(java.lang.Object, java.lang.Object, java.lang.Object, java.lang.Object, java.lang.Object)'> (0x00000000eb748ce8) 
thrown [s\src\hotspot\share\interpreter\linkResolver.cpp, line 759]
Event: 26.392 Thread 0x000002404fc0f980 Exception <a 'java/lang/ClassNotFoundException'{0x00000000eaf09710}: sun/util/logging/resources/spi/loggingProvider> (0x00000000eaf09710) 
thrown [s\src\hotspot\share\classfile\systemDictionary.cpp, line 256]
Event: 26.795 Thread 0x000002404fd53960 Exception <a 'sun/nio/fs/WindowsException'{0x00000000eacc0ac0}> (0x00000000eacc0ac0) 
thrown [s\src\hotspot\share\prims\jni.cpp, line 516]
Event: 27.158 Thread 0x000002404fd53960 Exception <a 'sun/nio/fs/WindowsException'{0x00000000eaf34a28}> (0x00000000eaf34a28) 
thrown [s\src\hotspot\share\prims\jni.cpp, line 516]
Event: 27.339 Thread 0x000002404fd53960 Implicit null exception at 0x0000024040f63ab4 to 0x0000024040f63e70
Event: 28.202 Thread 0x000002404fd53960 Exception <a 'sun/nio/fs/WindowsException'{0x00000000eb062218}> (0x00000000eb062218) 
thrown [s\src\hotspot\share\prims\jni.cpp, line 516]
Event: 28.660 Thread 0x000002404fc141b0 Exception <a 'sun/nio/fs/WindowsException'{0x00000000eb1425a8}> (0x00000000eb1425a8) 
thrown [s\src\hotspot\share\prims\jni.cpp, line 516]

VM Operations (20 events):
Event: 29.034 Executing VM operation: ParallelGCFailedAllocation done
Event: 29.042 Executing VM operation: ParallelGCFailedAllocation
Event: 29.047 Executing VM operation: ParallelGCFailedAllocation done
Event: 29.060 Executing VM operation: ParallelGCFailedAllocation
Event: 29.064 Executing VM operation: ParallelGCFailedAllocation done
Event: 29.111 Executing VM operation: ParallelGCFailedAllocation
Event: 29.114 Executing VM operation: ParallelGCFailedAllocation done
Event: 29.121 Executing VM operation: ParallelGCFailedAllocation
Event: 29.124 Executing VM operation: ParallelGCFailedAllocation done
Event: 29.132 Executing VM operation: ParallelGCFailedAllocation
Event: 29.135 Executing VM operation: ParallelGCFailedAllocation done
Event: 29.147 Executing VM operation: ParallelGCFailedAllocation
Event: 29.152 Executing VM operation: ParallelGCFailedAllocation done
Event: 29.163 Executing VM operation: ParallelGCFailedAllocation
Event: 29.169 Executing VM operation: ParallelGCFailedAllocation done
Event: 29.177 Executing VM operation: ParallelGCFailedAllocation
Event: 29.179 Executing VM operation: ParallelGCFailedAllocation done
Event: 29.197 Executing VM operation: ParallelGCFailedAllocation
Event: 29.365 Executing VM operation: ParallelGCFailedAllocation done
Event: 29.383 Executing VM operation: ParallelGCFailedAllocation

Events (20 events):
Event: 28.673 loading class com/sun/crypto/provider/AESConstants done
Event: 28.673 loading class com/sun/crypto/provider/SymmetricCipher
Event: 28.673 loading class com/sun/crypto/provider/SymmetricCipher done
Event: 28.674 loading class com/sun/crypto/provider/AESCrypt done
Event: 28.679 loading class com/sun/crypto/provider/ElectronicCodeBook
Event: 28.679 loading class com/sun/crypto/provider/FeedbackCipher
Event: 28.679 loading class com/sun/crypto/provider/FeedbackCipher done
Event: 28.679 loading class com/sun/crypto/provider/ElectronicCodeBook done
Event: 28.680 loading class com/sun/crypto/provider/PKCS5Padding
Event: 28.680 loading class com/sun/crypto/provider/Padding
Event: 28.680 loading class com/sun/crypto/provider/Padding done
Event: 28.680 loading class com/sun/crypto/provider/PKCS5Padding done
Event: 28.681 loading class com/sun/crypto/provider/CipherBlockChaining
Event: 28.681 loading class com/sun/crypto/provider/CipherBlockChaining done
Event: 28.681 loading class javax/crypto/NullCipher
Event: 28.681 loading class javax/crypto/NullCipher done
Event: 28.685 loading class sun/security/util/ArrayUtil
Event: 28.686 loading class sun/security/util/ArrayUtil done
Event: 28.844 loading class java/util/zip/GZIPInputStream$1
Event: 28.844 loading class java/util/zip/GZIPInputStream$1 done


Dynamic libraries:
0x00007ff7c2e40000 - 0x00007ff7c2e4e000 	c:\Users\Desktop\.vscode\extensions\redhat.java-1.19.0-win32-x64\jre\17.0.7-win32-x86_64\bin\java.exe
0x00007ffb02f50000 - 0x00007ffb03148000 	C:\Windows\SYSTEM32\ntdll.dll
0x00007ffb02bb0000 - 0x00007ffb02c6f000 	C:\Windows\System32\KERNEL32.DLL
0x00007ffb00cb0000 - 0x00007ffb00fa6000 	C:\Windows\System32\KERNELBASE.dll
0x00007ffafd270000 - 0x00007ffafd301000 	C:\Windows\SYSTEM32\apphelp.dll
0x00007ffb00630000 - 0x00007ffb00730000 	C:\Windows\System32\ucrtbase.dll
0x00007ffaea9f0000 - 0x00007ffaeaa07000 	c:\Users\Desktop\.vscode\extensions\redhat.java-1.19.0-win32-x64\jre\17.0.7-win32-x86_64\bin\jli.dll
0x00007ffb01290000 - 0x00007ffb0142d000 	C:\Windows\System32\USER32.dll
0x00007ffb009f0000 - 0x00007ffb00a12000 	C:\Windows\System32\win32u.dll
0x00007ffb02c70000 - 0x00007ffb02c9c000 	C:\Windows\System32\GDI32.dll
0x00007ffb00b90000 - 0x00007ffb00ca5000 	C:\Windows\System32\gdi32full.dll
0x00007ffb00730000 - 0x00007ffb007cd000 	C:\Windows\System32\msvcp_win.dll
0x00007ffaebd10000 - 0x00007ffaebd29000 	c:\Users\Desktop\.vscode\extensions\redhat.java-1.19.0-win32-x64\jre\17.0.7-win32-x86_64\bin\VCRUNTIME140.dll
0x00007ffaff9c0000 - 0x00007ffaffc5a000 	C:\Windows\WinSxS\amd64_microsoft.windows.common-controls_6595b64144ccf1df_6.0.19041.1110_none_60b5254171f9507e\COMCTL32.dll
0x00007ffb00fb0000 - 0x00007ffb0104e000 	C:\Windows\System32\msvcrt.dll
0x00007ffb01da0000 - 0x00007ffb01dd0000 	C:\Windows\System32\IMM32.DLL
0x00007ffaf7190000 - 0x00007ffaf719c000 	c:\Users\Desktop\.vscode\extensions\redhat.java-1.19.0-win32-x64\jre\17.0.7-win32-x86_64\bin\vcruntime140_1.dll
0x00007ffac2d10000 - 0x00007ffac2da1000 	c:\Users\Desktop\.vscode\extensions\redhat.java-1.19.0-win32-x64\jre\17.0.7-win32-x86_64\bin\msvcp140.dll
0x00007ffab7140000 - 0x00007ffab7d88000 	c:\Users\Desktop\.vscode\extensions\redhat.java-1.19.0-win32-x64\jre\17.0.7-win32-x86_64\bin\server\jvm.dll
0x00007ffb01f60000 - 0x00007ffb0200f000 	C:\Windows\System32\ADVAPI32.dll
0x00007ffb01050000 - 0x00007ffb010ec000 	C:\Windows\System32\sechost.dll
0x00007ffb01430000 - 0x00007ffb01556000 	C:\Windows\System32\RPCRT4.dll
0x00007ffaef870000 - 0x00007ffaef879000 	C:\Windows\SYSTEM32\WSOCK32.dll
0x00007ffb01dd0000 - 0x00007ffb01e3b000 	C:\Windows\System32\WS2_32.dll
0x00007ffaeade0000 - 0x00007ffaeae07000 	C:\Windows\SYSTEM32\WINMM.dll
0x00007ffaf1300000 - 0x00007ffaf130a000 	C:\Windows\SYSTEM32\VERSION.dll
0x00007ffafd810000 - 0x00007ffafd822000 	C:\Windows\SYSTEM32\kernel.appcore.dll
0x00007ffaf7010000 - 0x00007ffaf701a000 	c:\Users\Desktop\.vscode\extensions\redhat.java-1.19.0-win32-x64\jre\17.0.7-win32-x86_64\bin\jimage.dll
0x00007ffaffdb0000 - 0x00007ffafff94000 	C:\Windows\SYSTEM32\DBGHELP.DLL
0x00007ffaffd70000 - 0x00007ffaffda4000 	C:\Windows\SYSTEM32\dbgcore.DLL
0x00007ffb00930000 - 0x00007ffb009b2000 	C:\Windows\System32\bcryptPrimitives.dll
0x00007ffaf2c10000 - 0x00007ffaf2c1e000 	c:\Users\Desktop\.vscode\extensions\redhat.java-1.19.0-win32-x64\jre\17.0.7-win32-x86_64\bin\instrument.dll
0x00007ffae0320000 - 0x00007ffae0345000 	c:\Users\Desktop\.vscode\extensions\redhat.java-1.19.0-win32-x64\jre\17.0.7-win32-x86_64\bin\java.dll
0x00007ffaea300000 - 0x00007ffaea318000 	c:\Users\Desktop\.vscode\extensions\redhat.java-1.19.0-win32-x64\jre\17.0.7-win32-x86_64\bin\zip.dll
0x00007ffb01560000 - 0x00007ffb01ca4000 	C:\Windows\System32\SHELL32.dll
0x00007ffafe0a0000 - 0x00007ffafe833000 	C:\Windows\SYSTEM32\windows.storage.dll
0x00007ffb02070000 - 0x00007ffb023c4000 	C:\Windows\System32\combase.dll
0x00007ffaff920000 - 0x00007ffaff94e000 	C:\Windows\SYSTEM32\Wldp.dll
0x00007ffb02ca0000 - 0x00007ffb02d4d000 	C:\Windows\System32\SHCORE.dll
0x00007ffb01d30000 - 0x00007ffb01d85000 	C:\Windows\System32\shlwapi.dll
0x00007ffb00570000 - 0x00007ffb0058f000 	C:\Windows\SYSTEM32\profapi.dll
0x00007ffae0f70000 - 0x00007ffae0f89000 	C:\Users\Desktop\.vscode\extensions\redhat.java-1.19.0-win32-x64\jre\17.0.7-win32-x86_64\bin\net.dll
0x00007ffaf9780000 - 0x00007ffaf988a000 	C:\Windows\SYSTEM32\WINHTTP.dll
0x00007ffaff7f0000 - 0x00007ffaff85a000 	C:\Windows\system32\mswsock.dll
0x00007ffae0240000 - 0x00007ffae0255000 	C:\Users\Desktop\.vscode\extensions\redhat.java-1.19.0-win32-x64\jre\17.0.7-win32-x86_64\bin\nio.dll
0x00007ffaec0a0000 - 0x00007ffaec0b0000 	c:\Users\Desktop\.vscode\extensions\redhat.java-1.19.0-win32-x64\jre\17.0.7-win32-x86_64\bin\verify.dll
0x00007ffadf9a0000 - 0x00007ffadf9de000 	C:\Users\Desktop\AppData\Roaming\Code\User\globalStorage\redhat.java\1.19.0\config_win\org.eclipse.equinox.launcher\org.eclipse.equinox.launcher.win32.win32.x86_64_1.2.700.v20221108-1024\eclipse_11801.dll
0x00007ffb029b0000 - 0x00007ffb02ada000 	C:\Windows\System32\ole32.dll
0x00007ffb002e0000 - 0x00007ffb002f8000 	C:\Windows\SYSTEM32\CRYPTSP.dll
0x00007ffaff000000 - 0x00007ffaff034000 	C:\Windows\system32\rsaenh.dll
0x00007ffb009c0000 - 0x00007ffb009e7000 	C:\Windows\System32\bcrypt.dll
0x00007ffb004f0000 - 0x00007ffb0051e000 	C:\Windows\SYSTEM32\USERENV.dll
0x00007ffaff8e0000 - 0x00007ffaff8ec000 	C:\Windows\SYSTEM32\CRYPTBASE.dll
0x00007ffaff370000 - 0x00007ffaff3ac000 	C:\Windows\SYSTEM32\IPHLPAPI.DLL
0x00007ffb01280000 - 0x00007ffb01288000 	C:\Windows\System32\NSI.dll
0x00007ffaf9d20000 - 0x00007ffaf9d37000 	C:\Windows\SYSTEM32\dhcpcsvc6.DLL
0x00007ffafa230000 - 0x00007ffafa24d000 	C:\Windows\SYSTEM32\dhcpcsvc.DLL
0x00007ffaff3b0000 - 0x00007ffaff47b000 	C:\Windows\SYSTEM32\DNSAPI.dll
0x00007ffad6df0000 - 0x00007ffad6e35000 	C:\Users\Desktop\AppData\Local\Temp\jna--1073207300\jna5390220269617614414.dll
0x00007ffb02f00000 - 0x00007ffb02f08000 	C:\Windows\System32\PSAPI.DLL
0x00007ffafb0d0000 - 0x00007ffafb0de000 	C:\Users\Desktop\.vscode\extensions\redhat.java-1.19.0-win32-x64\jre\17.0.7-win32-x86_64\bin\sunmscapi.dll
0x00007ffb007d0000 - 0x00007ffb0092e000 	C:\Windows\System32\CRYPT32.dll
0x00007ffaff990000 - 0x00007ffaff9b8000 	C:\Windows\SYSTEM32\ncrypt.dll
0x00007ffaff950000 - 0x00007ffaff98b000 	C:\Windows\SYSTEM32\NTASN1.dll

dbghelp: loaded successfully - version: 4.0.5 - missing functions: none
symbol engine: initialized successfully - sym options: 0x614 - pdb path: .;c:\Users\Desktop\.vscode\extensions\redhat.java-1.19.0-win32-x64\jre\17.0.7-win32-x86_64\bin;C:\Windows\SYSTEM32;C:\Windows\WinSxS\amd64_microsoft.windows.common-controls_6595b64144ccf1df_6.0.19041.1110_none_60b5254171f9507e;c:\Users\Desktop\.vscode\extensions\redhat.java-1.19.0-win32-x64\jre\17.0.7-win32-x86_64\bin\server;C:\Users\Desktop\AppData\Roaming\Code\User\globalStorage\redhat.java\1.19.0\config_win\org.eclipse.equinox.launcher\org.eclipse.equinox.launcher.win32.win32.x86_64_1.2.700.v20221108-1024;C:\Users\Desktop\AppData\Local\Temp\jna--1073207300

VM Arguments:
jvm_args: --add-modules=ALL-SYSTEM --add-opens=java.base/java.util=ALL-UNNAMED --add-opens=java.base/java.lang=ALL-UNNAMED --add-opens=java.base/sun.nio.fs=ALL-UNNAMED -Declipse.application=org.eclipse.jdt.ls.core.id1 -Dosgi.bundles.defaultStartLevel=4 -Declipse.product=org.eclipse.jdt.ls.core.product -Djava.import.generatesMetadataFilesAtProjectRoot=false -Dfile.encoding=utf8 -XX:+UseParallelGC -XX:GCTimeRatio=4 -XX:AdaptiveSizePolicyWeight=90 -Dsun.zip.disableMemoryMapping=true -Xmx1G -Xms100m -Xlog:disable -javaagent:c:\Users\Desktop\.vscode\extensions\redhat.java-1.19.0-win32-x64\lombok\lombok-1.18.28.jar -XX:+HeapDumpOnOutOfMemoryError -XX:HeapDumpPath=c:\Users\Desktop\AppData\Roaming\Code\User\workspaceStorage\53ebef2fa0152f07d1bf1a96d2da0fa1\redhat.java -Daether.dependencyCollector.impl=bf 
java_command: c:\Users\Desktop\.vscode\extensions\redhat.java-1.19.0-win32-x64\server\plugins\org.eclipse.equinox.launcher_1.6.400.v20210924-0641.jar -configuration c:\Users\Desktop\AppData\Roaming\Code\User\globalStorage\redhat.java\1.19.0\config_win -data c:\Users\Desktop\AppData\Roaming\Code\User\workspaceStorage\53ebef2fa0152f07d1bf1a96d2da0fa1\redhat.java\jdt_ws
java_class_path (initial): c:\Users\Desktop\.vscode\extensions\redhat.java-1.19.0-win32-x64\server\plugins\org.eclipse.equinox.launcher_1.6.400.v20210924-0641.jar
Launcher Type: SUN_STANDARD

[Global flags]
    uintx AdaptiveSizePolicyWeight                 = 90                                        {product} {command line}
     intx CICompilerCount                          = 3                                         {product} {ergonomic}
    uintx GCTimeRatio                              = 4                                         {product} {command line}
     bool HeapDumpOnOutOfMemoryError               = true                                   {manageable} {command line}
    ccstr HeapDumpPath                             = c:\Users\Desktop\AppData\Roaming\Code\User\workspaceStorage\53ebef2fa0152f07d1bf1a96d2da0fa1\redhat.java         {manageable} {command line}
   size_t InitialHeapSize                          = 104857600                                 {product} {command line}
   size_t MaxHeapSize                              = 1073741824                                {product} {command line}
   size_t MaxNewSize                               = 357564416                                 {product} {ergonomic}
   size_t MinHeapDeltaBytes                        = 524288                                    {product} {ergonomic}
   size_t MinHeapSize                              = 104857600                                 {product} {command line}
   size_t NewSize                                  = 34603008                                  {product} {ergonomic}
    uintx NonNMethodCodeHeapSize                   = 5832780                                {pd product} {ergonomic}
    uintx NonProfiledCodeHeapSize                  = 122912730                              {pd product} {ergonomic}
   size_t OldSize                                  = 70254592                                  {product} {ergonomic}
    uintx ProfiledCodeHeapSize                     = 122912730                              {pd product} {ergonomic}
    uintx ReservedCodeCacheSize                    = 251658240                              {pd product} {ergonomic}
     bool SegmentedCodeCache                       = true                                      {product} {ergonomic}
   size_t SoftMaxHeapSize                          = 1073741824                             {manageable} {ergonomic}
     bool UseCompressedClassPointers               = true                           {product lp64_product} {ergonomic}
     bool UseCompressedOops                        = true                           {product lp64_product} {ergonomic}
     bool UseLargePagesIndividualAllocation        = false                                  {pd product} {ergonomic}
     bool UseParallelGC                            = true                                      {product} {command line}

Logging:
Log output configuration:
 #0: stdout all=off uptime,level,tags
 #1: stderr all=off uptime,level,tags

Environment Variables:
JAVA_HOME=C:\Program Files\Java\jdk-17
PATH=C:\Program Files\Common Files\Oracle\Java\javapath;C:\Program Files\Eclipse Adoptium\jdk-11.0.18.10-hotspot\bin;C:\Python311\Scripts\;C:\Python311\;C:\Program Files\Eclipse Adoptium\jdk-17.0.7.7-hotspot\bin;C:\Windows\system32;C:\Windows;C:\Windows\System32\Wbem;C:\Windows\System32\WindowsPowerShell\v1.0\;C:\Windows\System32\OpenSSH\;C:\Program Files\Git\cmd;C:\Program Files\nodejs\;C:\ProgramData\chocolatey\bin;C:\Users\Desktop\AppData\Local\Microsoft\WindowsApps;C:\Program Files\JetBrains\IntelliJ IDEA 2023.1\bin;;C:\Program Files\JetBrains\WebStorm 2023.1\bin;;C:\Users\Desktop\AppData\Roaming\npm;C:\Users\Desktop\AppData\Local\Programs\Microsoft VS Code\bin;C:\Program Files\Java\jdk-17\bin;C:\apache-maven-3.9.2-bin\apache-maven-3.9.2\bin;
USERNAME=Desktop
OS=Windows_NT
PROCESSOR_IDENTIFIER=Intel64 Family 6 Model 58 Stepping 9, GenuineIntel
TMP=C:\Users\Desktop\AppData\Local\Temp
TEMP=C:\Users\Desktop\AppData\Local\Temp



---------------  S Y S T E M  ---------------

OS:
 Windows 10 , 64 bit Build 19041 (10.0.19041.2913)
OS uptime: 0 days 17:44 hours

CPU: total 4 (initial active 4) (4 cores per cpu, 1 threads per core) family 6 model 58 stepping 9 microcode 0x21, cx8, cmov, fxsr, mmx, sse, sse2, sse3, ssse3, sse4.1, sse4.2, popcnt, tsc, tscinvbit, avx, aes, erms, clmul, vzeroupper, clflush

Memory: 4k page, system-wide physical 16269M (10885M free)
TotalPageFile size 18701M (AvailPageFile size 12267M)
current process WorkingSet (physical memory assigned to process): 355M, peak: 364M
current process commit charge ("private bytes"): 410M, peak: 415M

vm_info: OpenJDK 64-Bit Server VM (17.0.7+7) for windows-amd64 JRE (17.0.7+7), built on Apr 18 2023 22:10:42 by "temurin" with MS VC++ 16.7 (VS2019)

END.
